<?xml version="1.0" encoding="UTF-8"?>
<!-- Generated by org.testng.reporters.JUnitXMLReporter -->
<testsuite ignored="0" hostname="LAPTOP-KO4UPKBB" failures="0" tests="1" name="Test2" time="4.662" errors="0" timestamp="2023-01-26T19:06:46 IST">
  <testcase classname="Generic_Utility.BaseClass" name="@BeforeMethod BM" time="1.517">
    <failure type="java.lang.NoSuchMethodError" message="&amp;apos;void org.openqa.selenium.support.PageFactory.initElements(org.openqa.selenium.WebDriver, java.lang.Object)&amp;apos;">
      <![CDATA[java.lang.NoSuchMethodError: 'void org.openqa.selenium.support.PageFactory.initElements(org.openqa.selenium.WebDriver, java.lang.Object)'
at Object_Repo.Login_Page.<init>(Login_Page.java:13)
at Generic_Utility.BaseClass.BM(BaseClass.java:80)
at java.base/java.util.ArrayList.forEach(ArrayList.java:1511)
at java.base/java.util.concurrent.FutureTask.run(FutureTask.java:264)
at java.base/java.util.concurrent.ThreadPoolExecutor.runWorker(ThreadPoolExecutor.java:1136)
at java.base/java.util.concurrent.ThreadPoolExecutor$Worker.run(ThreadPoolExecutor.java:635)
at java.base/java.lang.Thread.run(Thread.java:833)
... Removed 20 stack frames]]>
    </failure>
  </testcase> <!-- @BeforeMethod BM -->
  <testcase classname="Generic_Utility.BaseClass" name="@AfterMethod AM" time="-1.674740206269E9">
    <skipped/>
  </testcase> <!-- @AfterMethod AM -->
  <testcase classname="Generic_Utility.BaseClass" name="@AfterClass AC" time="-1.674740206273E9">
    <skipped/>
  </testcase> <!-- @AfterClass AC -->
  <testcase classname="Organisation.CreateOrganisationTest" name="CreateOrganisation" time="0.0">
    <skipped/>
  </testcase> <!-- CreateOrganisation -->
</testsuite> <!-- Test2 -->
